app/build/intermediates/manifest_merge_blame_file/debug/manifest-merger-blame-debug-report.txt
1<?xml version="1.0" encoding="utf-8"?>
2<manifest xmlns:android="http://schemas.android.com/apk/res/android"
3    package="com.safety.ai_powereddoubtsolver"
4    android:versionCode="1"
5    android:versionName="1.0" >
6
7    <uses-sdk
8        android:minSdkVersion="21"
8-->src\main\AndroidManifest.xml
9        android:targetSdkVersion="32" />
9-->src\main\AndroidManifest.xml
10
11    <uses-permission android:name="android.permission.CAMERA" />
11-->src\main\AndroidManifest.xml:5:5-65
11-->src\main\AndroidManifest.xml:5:22-62
12    <uses-permission android:name="android.permission.INTERNET" />
12-->src\main\AndroidManifest.xml:6:5-67
12-->src\main\AndroidManifest.xml:6:22-64
13    <uses-permission android:name="android.permission.ACCESS_NETWORK_STATE" />
13-->src\main\AndroidManifest.xml:7:5-79
13-->src\main\AndroidManifest.xml:7:22-76
14    <uses-permission android:name="android.permission.ACCESS_WIFI_STATE" />
14-->src\main\AndroidManifest.xml:8:5-76
14-->src\main\AndroidManifest.xml:8:22-73
15    <uses-permission android:name="android.permission.CHANGE_WIFI_STATE" />
15-->src\main\AndroidManifest.xml:9:5-76
15-->src\main\AndroidManifest.xml:9:22-73
16    <uses-permission android:name="android.permission.READ_EXTERNAL_STORAGE" />
16-->src\main\AndroidManifest.xml:10:5-80
16-->src\main\AndroidManifest.xml:10:22-77
17    <uses-permission android:name="android.permission.WRITE_EXTERNAL_STORAGE" />
17-->src\main\AndroidManifest.xml:11:5-81
17-->src\main\AndroidManifest.xml:11:22-78
18
19    <uses-feature
19-->src\main\AndroidManifest.xml:13:5-15:35
20        android:name="android.hardware.camera"
20-->src\main\AndroidManifest.xml:14:9-47
21        android:required="true" />
21-->src\main\AndroidManifest.xml:15:9-32
22
23    <queries>
23-->[com.github.CanHub:Android-Image-Cropper:4.3.2] AndroidManifest.xml:9:5-20:15
24        <intent>
24-->[com.github.CanHub:Android-Image-Cropper:4.3.2] AndroidManifest.xml:10:9-16:18
25            <action android:name="android.intent.action.GET_CONTENT" />
25-->[com.github.CanHub:Android-Image-Cropper:4.3.2] AndroidManifest.xml:11:13-72
25-->[com.github.CanHub:Android-Image-Cropper:4.3.2] AndroidManifest.xml:11:21-69
26
27            <category android:name="android.intent.category.OPENABLE" />
27-->[com.github.CanHub:Android-Image-Cropper:4.3.2] AndroidManifest.xml:13:13-73
27-->[com.github.CanHub:Android-Image-Cropper:4.3.2] AndroidManifest.xml:13:23-70
28
29            <data android:mimeType="*/*" />
29-->[com.github.CanHub:Android-Image-Cropper:4.3.2] AndroidManifest.xml:15:13-44
29-->[com.github.CanHub:Android-Image-Cropper:4.3.2] AndroidManifest.xml:15:19-41
30        </intent>
31        <intent>
31-->[com.github.CanHub:Android-Image-Cropper:4.3.2] AndroidManifest.xml:17:9-19:18
32            <action android:name="android.media.action.IMAGE_CAPTURE" />
32-->[com.github.CanHub:Android-Image-Cropper:4.3.2] AndroidManifest.xml:18:13-73
32-->[com.github.CanHub:Android-Image-Cropper:4.3.2] AndroidManifest.xml:18:21-70
33        </intent>
34    </queries>
35
36    <application
36-->src\main\AndroidManifest.xml:17:5-77:19
37        android:allowBackup="true"
37-->src\main\AndroidManifest.xml:18:9-35
38        android:appComponentFactory="androidx.core.app.CoreComponentFactory"
38-->[androidx.core:core:1.8.0] AndroidManifest.xml:24:18-86
39        android:dataExtractionRules="@xml/data_extraction_rules"
39-->src\main\AndroidManifest.xml:19:9-65
40        android:debuggable="true"
41        android:fullBackupContent="@xml/backup_rules"
41-->src\main\AndroidManifest.xml:20:9-54
42        android:icon="@mipmap/ic_launcher"
42-->src\main\AndroidManifest.xml:21:9-43
43        android:label="@string/app_name"
43-->src\main\AndroidManifest.xml:22:9-41
44        android:roundIcon="@mipmap/ic_launcher_round"
44-->src\main\AndroidManifest.xml:23:9-54
45        android:supportsRtl="true"
45-->src\main\AndroidManifest.xml:24:9-35
46        android:testOnly="true"
47        android:theme="@style/Theme.AIPoweredDoubtSolver" >
47-->src\main\AndroidManifest.xml:25:9-58
48        <activity
48-->src\main\AndroidManifest.xml:27:9-39:20
49            android:name="com.safety.ai_powereddoubtsolver.SpalshActivity"
49-->src\main\AndroidManifest.xml:28:13-43
50            android:exported="true" >
50-->src\main\AndroidManifest.xml:29:13-36
51            <meta-data
51-->src\main\AndroidManifest.xml:30:13-32:36
52                android:name="android.app.lib_name"
52-->src\main\AndroidManifest.xml:31:17-52
53                android:value="" />
53-->src\main\AndroidManifest.xml:32:17-33
54
55            <intent-filter>
55-->src\main\AndroidManifest.xml:34:13-38:29
56                <action android:name="android.intent.action.MAIN" />
56-->src\main\AndroidManifest.xml:35:17-69
56-->src\main\AndroidManifest.xml:35:25-66
57
58                <category android:name="android.intent.category.LAUNCHER" />
58-->src\main\AndroidManifest.xml:37:17-77
58-->src\main\AndroidManifest.xml:37:27-74
59            </intent-filter>
60        </activity>
61        <activity
61-->src\main\AndroidManifest.xml:40:9-47:20
62            android:name="com.safety.ai_powereddoubtsolver.ResultActivity"
62-->src\main\AndroidManifest.xml:41:13-43
63            android:exported="false"
63-->src\main\AndroidManifest.xml:42:13-37
64            android:theme="@style/Theme.AIPoweredDoubtSolver.NoActionBar" >
64-->src\main\AndroidManifest.xml:43:13-74
65            <meta-data
65-->src\main\AndroidManifest.xml:30:13-32:36
66                android:name="android.app.lib_name"
66-->src\main\AndroidManifest.xml:31:17-52
67                android:value="" />
67-->src\main\AndroidManifest.xml:32:17-33
68        </activity>
69        <activity
69-->src\main\AndroidManifest.xml:48:9-56:20
70            android:name="com.safety.ai_powereddoubtsolver.MainActivity"
70-->src\main\AndroidManifest.xml:49:13-41
71            android:exported="true"
71-->src\main\AndroidManifest.xml:50:13-36
72            android:theme="@style/Theme.AIPoweredDoubtSolver.NoActionBar" >
72-->src\main\AndroidManifest.xml:51:13-74
73            <meta-data
73-->src\main\AndroidManifest.xml:30:13-32:36
74                android:name="android.app.lib_name"
74-->src\main\AndroidManifest.xml:31:17-52
75                android:value="" />
75-->src\main\AndroidManifest.xml:32:17-33
76        </activity>
77
78        <provider
79            android:name="androidx.core.content.FileProvider"
79-->src\main\AndroidManifest.xml:59:13-62
80            android:authorities="com.safety.ai_powereddoubtsolver.fileprovider"
80-->src\main\AndroidManifest.xml:60:13-64
81            android:exported="false"
81-->src\main\AndroidManifest.xml:61:13-37
82            android:grantUriPermissions="true" >
82-->src\main\AndroidManifest.xml:62:13-47
83            <meta-data
83-->src\main\AndroidManifest.xml:63:13-65:54
84                android:name="android.support.FILE_PROVIDER_PATHS"
84-->src\main\AndroidManifest.xml:64:17-67
85                android:resource="@xml/file_paths" />
85-->src\main\AndroidManifest.xml:65:17-51
86        </provider>
87
88        <meta-data
88-->src\main\AndroidManifest.xml:68:9-70:69
89            android:name="com.google.android.gms.version"
89-->src\main\AndroidManifest.xml:69:13-58
90            android:value="@integer/google_play_services_version" />
90-->src\main\AndroidManifest.xml:70:13-66
91        <meta-data
91-->src\main\AndroidManifest.xml:72:9-74:53
92            android:name="edu.stanford.nlp.pipeline.AnnotationSerializers"
92-->src\main\AndroidManifest.xml:73:13-75
93            android:resource="@array/serializers" />
93-->src\main\AndroidManifest.xml:74:13-50
94
95        <provider
95-->[com.github.CanHub:Android-Image-Cropper:4.3.2] AndroidManifest.xml:23:9-31:20
96            android:name="com.canhub.cropper.CropFileProvider"
96-->[com.github.CanHub:Android-Image-Cropper:4.3.2] AndroidManifest.xml:24:13-63
97            android:authorities="com.safety.ai_powereddoubtsolver.cropper.fileprovider"
97-->[com.github.CanHub:Android-Image-Cropper:4.3.2] AndroidManifest.xml:25:13-72
98            android:exported="false"
98-->[com.github.CanHub:Android-Image-Cropper:4.3.2] AndroidManifest.xml:26:13-37
99            android:grantUriPermissions="true" >
99-->[com.github.CanHub:Android-Image-Cropper:4.3.2] AndroidManifest.xml:27:13-47
100            <meta-data
100-->src\main\AndroidManifest.xml:63:13-65:54
101                android:name="android.support.FILE_PROVIDER_PATHS"
101-->src\main\AndroidManifest.xml:64:17-67
102                android:resource="@xml/library_file_paths" />
102-->src\main\AndroidManifest.xml:65:17-51
103        </provider>
104
105        <activity
105-->[com.github.CanHub:Android-Image-Cropper:4.3.2] AndroidManifest.xml:33:9-35:39
106            android:name="com.canhub.cropper.CropImageActivity"
106-->[com.github.CanHub:Android-Image-Cropper:4.3.2] AndroidManifest.xml:34:13-64
107            android:exported="true" />
107-->[com.github.CanHub:Android-Image-Cropper:4.3.2] AndroidManifest.xml:35:13-36
108        <activity
108-->[com.google.android.gms:play-services-auth:20.7.0] AndroidManifest.xml:23:9-27:75
109            android:name="com.google.android.gms.auth.api.signin.internal.SignInHubActivity"
109-->[com.google.android.gms:play-services-auth:20.7.0] AndroidManifest.xml:24:13-93
110            android:excludeFromRecents="true"
110-->[com.google.android.gms:play-services-auth:20.7.0] AndroidManifest.xml:25:13-46
111            android:exported="false"
111-->[com.google.android.gms:play-services-auth:20.7.0] AndroidManifest.xml:26:13-37
112            android:theme="@android:style/Theme.Translucent.NoTitleBar" />
112-->[com.google.android.gms:play-services-auth:20.7.0] AndroidManifest.xml:27:13-72
113        <!--
114            Service handling Google Sign-In user revocation. For apps that do not integrate with
115            Google Sign-In, this service will never be started.
116        -->
117        <service
117-->[com.google.android.gms:play-services-auth:20.7.0] AndroidManifest.xml:33:9-37:51
118            android:name="com.google.android.gms.auth.api.signin.RevocationBoundService"
118-->[com.google.android.gms:play-services-auth:20.7.0] AndroidManifest.xml:34:13-89
119            android:exported="true"
119-->[com.google.android.gms:play-services-auth:20.7.0] AndroidManifest.xml:35:13-36
120            android:permission="com.google.android.gms.auth.api.signin.permission.REVOCATION_NOTIFICATION"
120-->[com.google.android.gms:play-services-auth:20.7.0] AndroidManifest.xml:36:13-107
121            android:visibleToInstantApps="true" />
121-->[com.google.android.gms:play-services-auth:20.7.0] AndroidManifest.xml:37:13-48
122        <service
122-->[com.google.android.gms:play-services-mlkit-text-recognition-common:19.0.0] AndroidManifest.xml:9:9-15:19
123            android:name="com.google.mlkit.common.internal.MlKitComponentDiscoveryService"
123-->[com.google.android.gms:play-services-mlkit-text-recognition-common:19.0.0] AndroidManifest.xml:10:13-91
124            android:directBootAware="true"
124-->[com.google.mlkit:common:18.8.0] AndroidManifest.xml:17:13-43
125            android:exported="false" >
125-->[com.google.android.gms:play-services-mlkit-text-recognition-common:19.0.0] AndroidManifest.xml:11:13-37
126            <meta-data
126-->[com.google.android.gms:play-services-mlkit-text-recognition-common:19.0.0] AndroidManifest.xml:12:13-14:85
127                android:name="com.google.firebase.components:com.google.mlkit.vision.text.internal.TextRegistrar"
127-->[com.google.android.gms:play-services-mlkit-text-recognition-common:19.0.0] AndroidManifest.xml:13:17-114
128                android:value="com.google.firebase.components.ComponentRegistrar" />
128-->[com.google.android.gms:play-services-mlkit-text-recognition-common:19.0.0] AndroidManifest.xml:14:17-82
129            <meta-data
129-->[com.google.mlkit:vision-common:17.3.0] AndroidManifest.xml:12:13-14:85
130                android:name="com.google.firebase.components:com.google.mlkit.vision.common.internal.VisionCommonRegistrar"
130-->[com.google.mlkit:vision-common:17.3.0] AndroidManifest.xml:13:17-124
131                android:value="com.google.firebase.components.ComponentRegistrar" />
131-->[com.google.mlkit:vision-common:17.3.0] AndroidManifest.xml:14:17-82
132            <meta-data
132-->[com.google.mlkit:common:18.8.0] AndroidManifest.xml:20:13-22:85
133                android:name="com.google.firebase.components:com.google.mlkit.common.internal.CommonComponentRegistrar"
133-->[com.google.mlkit:common:18.8.0] AndroidManifest.xml:21:17-120
134                android:value="com.google.firebase.components.ComponentRegistrar" />
134-->[com.google.mlkit:common:18.8.0] AndroidManifest.xml:22:17-82
135        </service>
136
137        <provider
137-->[com.google.mlkit:common:18.8.0] AndroidManifest.xml:9:9-13:38
138            android:name="com.google.mlkit.common.internal.MlKitInitProvider"
138-->[com.google.mlkit:common:18.8.0] AndroidManifest.xml:10:13-78
139            android:authorities="com.safety.ai_powereddoubtsolver.mlkitinitprovider"
139-->[com.google.mlkit:common:18.8.0] AndroidManifest.xml:11:13-69
140            android:exported="false"
140-->[com.google.mlkit:common:18.8.0] AndroidManifest.xml:12:13-37
141            android:initOrder="99" />
141-->[com.google.mlkit:common:18.8.0] AndroidManifest.xml:13:13-35
142
143        <activity
143-->[com.google.android.gms:play-services-base:18.1.0] AndroidManifest.xml:20:9-22:45
144            android:name="com.google.android.gms.common.api.GoogleApiActivity"
144-->[com.google.android.gms:play-services-base:18.1.0] AndroidManifest.xml:20:19-85
145            android:exported="false"
145-->[com.google.android.gms:play-services-base:18.1.0] AndroidManifest.xml:22:19-43
146            android:theme="@android:style/Theme.Translucent.NoTitleBar" />
146-->[com.google.android.gms:play-services-base:18.1.0] AndroidManifest.xml:21:19-78
147
148        <provider
148-->[androidx.emoji2:emoji2:1.2.0] AndroidManifest.xml:24:9-32:20
149            android:name="androidx.startup.InitializationProvider"
149-->[androidx.emoji2:emoji2:1.2.0] AndroidManifest.xml:25:13-67
150            android:authorities="com.safety.ai_powereddoubtsolver.androidx-startup"
150-->[androidx.emoji2:emoji2:1.2.0] AndroidManifest.xml:26:13-68
151            android:exported="false" >
151-->[androidx.emoji2:emoji2:1.2.0] AndroidManifest.xml:27:13-37
152            <meta-data
152-->[androidx.emoji2:emoji2:1.2.0] AndroidManifest.xml:29:13-31:52
153                android:name="androidx.emoji2.text.EmojiCompatInitializer"
153-->[androidx.emoji2:emoji2:1.2.0] AndroidManifest.xml:30:17-75
154                android:value="androidx.startup" />
154-->[androidx.emoji2:emoji2:1.2.0] AndroidManifest.xml:31:17-49
155            <meta-data
155-->[androidx.lifecycle:lifecycle-process:2.4.1] AndroidManifest.xml:31:13-33:52
156                android:name="androidx.lifecycle.ProcessLifecycleInitializer"
156-->[androidx.lifecycle:lifecycle-process:2.4.1] AndroidManifest.xml:32:17-78
157                android:value="androidx.startup" />
157-->[androidx.lifecycle:lifecycle-process:2.4.1] AndroidManifest.xml:33:17-49
158        </provider>
159
160        <service
160-->[com.google.android.datatransport:transport-backend-cct:2.3.3] AndroidManifest.xml:29:9-35:19
161            android:name="com.google.android.datatransport.runtime.backends.TransportBackendDiscovery"
161-->[com.google.android.datatransport:transport-backend-cct:2.3.3] AndroidManifest.xml:30:13-103
162            android:exported="false" >
162-->[com.google.android.datatransport:transport-backend-cct:2.3.3] AndroidManifest.xml:31:13-37
163            <meta-data
163-->[com.google.android.datatransport:transport-backend-cct:2.3.3] AndroidManifest.xml:32:13-34:39
164                android:name="backend:com.google.android.datatransport.cct.CctBackendFactory"
164-->[com.google.android.datatransport:transport-backend-cct:2.3.3] AndroidManifest.xml:33:17-94
165                android:value="cct" />
165-->[com.google.android.datatransport:transport-backend-cct:2.3.3] AndroidManifest.xml:34:17-36
166        </service>
167        <service
167-->[com.google.android.datatransport:transport-runtime:2.2.6] AndroidManifest.xml:26:9-30:19
168            android:name="com.google.android.datatransport.runtime.scheduling.jobscheduling.JobInfoSchedulerService"
168-->[com.google.android.datatransport:transport-runtime:2.2.6] AndroidManifest.xml:27:13-117
169            android:exported="false"
169-->[com.google.android.datatransport:transport-runtime:2.2.6] AndroidManifest.xml:28:13-37
170            android:permission="android.permission.BIND_JOB_SERVICE" >
170-->[com.google.android.datatransport:transport-runtime:2.2.6] AndroidManifest.xml:29:13-69
171        </service>
172
173        <receiver
173-->[com.google.android.datatransport:transport-runtime:2.2.6] AndroidManifest.xml:32:9-34:40
174            android:name="com.google.android.datatransport.runtime.scheduling.jobscheduling.AlarmManagerSchedulerBroadcastReceiver"
174-->[com.google.android.datatransport:transport-runtime:2.2.6] AndroidManifest.xml:33:13-132
175            android:exported="false" />
175-->[com.google.android.datatransport:transport-runtime:2.2.6] AndroidManifest.xml:34:13-37
176    </application>
177
178</manifest>